<?xml version="1.0" encoding="UTF-8"?>
<!-- Generated by org.testng.reporters.JUnitReportReporter -->
<testsuite hostname="LAPTOP-UFMQHRIT" failures="0" tests="2" name="school.Mouse" time="0.729" errors="1" timestamp="2022-11-19T09:55:44 IST" skipped="1">
  <testcase classname="school.Mouse" name="browserbs" time="0.729">
    <error message="&#039;java.lang.String org.apache.commons.io.IOUtils.toString(java.io.InputStream, java.nio.charset.Charset)&#039;" type="java.lang.NoSuchMethodError">
      <![CDATA[java.lang.NoSuchMethodError: 'java.lang.String org.apache.commons.io.IOUtils.toString(java.io.InputStream, java.nio.charset.Charset)'
at io.github.bonigarcia.wdm.versions.Shell.runAndWaitNoLog(Shell.java:66)
at io.github.bonigarcia.wdm.versions.Shell.runAndWaitArray(Shell.java:55)
at io.github.bonigarcia.wdm.versions.Shell.runAndWait(Shell.java:49)
at io.github.bonigarcia.wdm.versions.VersionDetector.getBrowserVersionInWindows(VersionDetector.java:220)
at io.github.bonigarcia.wdm.versions.VersionDetector.getDefaultBrowserVersion(VersionDetector.java:180)
at io.github.bonigarcia.wdm.managers.ChromeDriverManager.getBrowserVersionFromTheShell(ChromeDriverManager.java:124)
at io.github.bonigarcia.wdm.WebDriverManager.detectBrowserVersion(WebDriverManager.java:718)
at io.github.bonigarcia.wdm.WebDriverManager.resolveDriverVersion(WebDriverManager.java:587)
at io.github.bonigarcia.wdm.WebDriverManager.manage(WebDriverManager.java:539)
at io.github.bonigarcia.wdm.WebDriverManager.setup(WebDriverManager.java:287)
at school.Mouse.browserbs(Mouse.java:26)
at java.base/jdk.internal.reflect.DirectMethodHandleAccessor.invoke(DirectMethodHandleAccessor.java:104)
at java.base/java.lang.reflect.Method.invoke(Method.java:577)
at org.testng.internal.MethodInvocationHelper.invokeMethod(MethodInvocationHelper.java:133)
at org.testng.internal.MethodInvocationHelper.invokeMethodConsideringTimeout(MethodInvocationHelper.java:62)
at org.testng.internal.ConfigInvoker.invokeConfigurationMethod(ConfigInvoker.java:385)
at org.testng.internal.ConfigInvoker.invokeConfigurations(ConfigInvoker.java:321)
at org.testng.TestRunner.invokeTestConfigurations(TestRunner.java:637)
at org.testng.TestRunner.beforeRun(TestRunner.java:627)
at org.testng.TestRunner.run(TestRunner.java:589)
at org.testng.SuiteRunner.runTest(SuiteRunner.java:377)
at org.testng.SuiteRunner.access$000(SuiteRunner.java:28)
at org.testng.SuiteRunner$SuiteWorker.run(SuiteRunner.java:418)
at org.testng.internal.thread.ThreadUtil.lambda$execute$0(ThreadUtil.java:64)
at java.base/java.util.concurrent.FutureTask.run(FutureTask.java:264)
at java.base/java.util.concurrent.ThreadPoolExecutor.runWorker(ThreadPoolExecutor.java:1136)
at java.base/java.util.concurrent.ThreadPoolExecutor$Worker.run(ThreadPoolExecutor.java:635)
at java.base/java.lang.Thread.run(Thread.java:833)
]]>
    </error>
  </testcase> <!-- browserbs -->
  <system-out/>
  <testcase classname="school.Mouse" name="title" time="0.000">
    <skipped/>
  </testcase> <!-- title -->
  <system-out/>
</testsuite> <!-- school.Mouse -->
